<?xml version="1.0" encoding="UTF-8"?>
<testsuite name="JUnit Jupiter" tests="2" skipped="0" failures="0" errors="0" time="0.021" hostname="Shriya-Garg" timestamp="2020-02-26T10:57:57">
<properties>
[...]
</properties>
<testcase name="canary()" classname="com.im.FirstTest" time="0.006">
<system-out><![CDATA[
unique-id: [engine:junit-jupiter]/[class:com.im.FirstTest]/[method:canary()]
display-name: canary()
]]></system-out>
</testcase>
<testcase name="fixMe()" classname="healthycoderapp.BMICalculatorTest" time="0">
<system-out><![CDATA[
unique-id: [engine:junit-jupiter]/[class:healthycoderapp.BMICalculatorTest]/[method:fixMe()]
display-name: fixMe()
]]></system-out>
</testcase>
<system-out><![CDATA[
unique-id: [engine:junit-jupiter]
display-name: JUnit Jupiter
]]></system-out>
</testsuite>
