<?xml version="1.0" encoding="UTF-8"?>
<!-- Generated by org.testng.reporters.JUnitXMLReporter -->
<testsuite ignored="0" hostname="Shriya-Garg" failures="3" tests="5" name="Test" time="61.84" errors="0" timestamp="21 Apr 2020 21:30:07 GMT">
  <testcase classname="liveProject.RegistrationPage_Test" name="Should_Successfully_Register_Using_ValidData" time="8.465"/>
  <testcase classname="liveProject.BookFlight" name="Login_and_Book_Flight" time="15.203"/>
  <testcase classname="negativeCase.BookingWithoutPassenger" name="ShouldNot_BookFlight_Without_Customer_Details" time="10.397">
    <failure type="java.lang.AssertionError" message="null">
      <![CDATA[java.lang.AssertionError: null
at negativeCase.BookingWithoutPassenger.ShouldNot_BookFlight_Without_Customer_Details(BookingWithoutPassenger.java:106)
... Removed 28 stack frames]]>
    </failure>
  </testcase> <!-- ShouldNot_BookFlight_Without_Customer_Details -->
  <testcase classname="negativeCase.FromDateGreaterThanToDate" name="ShouldNot_BookFlight_With_FromDate_GreaterThan_ToDate" time="14.745">
    <failure type="java.lang.AssertionError" message="null">
      <![CDATA[java.lang.AssertionError: null
at negativeCase.FromDateGreaterThanToDate.ShouldNot_BookFlight_With_FromDate_GreaterThan_ToDate(FromDateGreaterThanToDate.java:143)
... Removed 28 stack frames]]>
    </failure>
  </testcase> <!-- ShouldNot_BookFlight_With_FromDate_GreaterThan_ToDate -->
  <testcase classname="negativeCase.SameDepartueArrival" name="ShouldNot_BookFlight_With_SameDepartureAndArrival" time="12.957">
    <failure type="java.lang.AssertionError" message="null">
      <![CDATA[java.lang.AssertionError: null
at negativeCase.SameDepartueArrival.ShouldNot_BookFlight_With_SameDepartureAndArrival(SameDepartueArrival.java:142)
... Removed 28 stack frames]]>
    </failure>
  </testcase> <!-- ShouldNot_BookFlight_With_SameDepartureAndArrival -->
</testsuite> <!-- Test -->
